   Cloning default registries into `~/.julia`
   Cloning registry from "https://github.com/JuliaRegistries/General.git"
[?25l    Fetching: [>                                        ]  0.0 %    Fetching: [===========================>             ]  66.7 %[2K[?25h     Added registry `General` to `~/.julia/registries/General`
 Resolving package versions...
 Installed ProgressMeter â”€ v1.0.0
  Updating `~/.julia/environments/v1.2/Project.toml`
  [92933f4c] + ProgressMeter v1.0.0
  Updating `~/.julia/environments/v1.2/Manifest.toml`
  [92933f4c] + ProgressMeter v1.0.0
  [8ba89e20] + Distributed 
  [de0858da] + Printf 
  [9a3f8284] + Random 
  [9e88b42a] + Serialization 
  [6462fe0b] + Sockets 
  [4ec0a83e] + Unicode 
   Cloning git-repo `https://github.com/wildart/TOML.jl.git`
[?25l    Fetching: [>                                        ]  0.0 %[2K[?25h  Updating git-repo `https://github.com/wildart/TOML.jl.git`
[?25l    Fetching: [>                                        ]  0.0 %[2K[?25h  Updating git-repo `https://github.com/wildart/TOML.jl.git`
[?25l[2K[?25h Resolving package versions...
  Updating `~/.julia/environments/v1.2/Project.toml`
  [191fdcea] + TOML v0.4.0 #master (https://github.com/wildart/TOML.jl.git)
  Updating `~/.julia/environments/v1.2/Manifest.toml`
  [191fdcea] + TOML v0.4.0 #master (https://github.com/wildart/TOML.jl.git)
  [ade2ca70] + Dates 
â”Œ Warning: special characters "#{}()[]<>|&*?~;" should now be quoted in commands
â”‚   caller = #shell_parse#353(::String, ::typeof(Base.shell_parse), ::String, ::Bool) at shell.jl:100
â”” @ Base ./shell.jl:100

Installing ACME
 Resolving package versions...
Pkg.Types.ResolverError("Unsatisfiable requirements detected for package ProgressMeter [92933f4c]:\n ProgressMeter [92933f4c] log:\n â”œâ”€possible versions are: [0.0.1-0.0.2, 0.1.0-0.1.3, 0.2.0-0.2.3, 0.3.0-0.3.4, 0.4.0, 0.5.0-0.5.6, 0.6.0-0.6.1, 0.7.0, 0.8.0, 0.9.0, 1.0.0] or uninstalled\n â”œâ”€restricted to versions 1.0.0 by an explicit requirement, leaving only versions 1.0.0\n â””â”€restricted by compatibility requirements with ACME [ca8b7239] to versions: [0.2.1-0.2.3, 0.3.0-0.3.4, 0.4.0, 0.5.0-0.5.6, 0.6.0-0.6.1, 0.7.0, 0.8.0, 0.9.0] â€” no versions left\n   â””â”€ACME [ca8b7239] log:\n     â”œâ”€possible versions are: [0.1.0-0.1.2, 0.2.0-0.2.2, 0.3.0, 0.4.0-0.4.2, 0.5.0-0.5.1, 0.6.0-0.6.2, 0.7.0-0.7.5, 0.8.0] or uninstalled\n     â”œâ”€restricted to versions * by an explicit requirement, leaving only versions [0.1.0-0.1.2, 0.2.0-0.2.2, 0.3.0, 0.4.0-0.4.2, 0.5.0-0.5.1, 0.6.0-0.6.2, 0.7.0-0.7.5, 0.8.0]\n     â””â”€restricted by julia compatibility requirements to versions: [0.7.4-0.7.5, 0.8.0] or uninstalled, leaving only versions: [0.7.4-0.7.5, 0.8.0]", nothing)
Progress:   0%|                                         |  ETA: 1:00:42[K
Installing ADCME
 Resolving package versions...
 Installed StatsBase â”€â”€â”€â”€â”€â”€â”€â”€â”€â”€â”€â”€â”€â”€ v0.32.0
 Installed Missings â”€â”€â”€â”€â”€â”€â”€â”€â”€â”€â”€â”€â”€â”€â”€ v0.4.1
 Installed DataAPI â”€â”€â”€â”€â”€â”€â”€â”€â”€â”€â”€â”€â”€â”€â”€â”€ v1.0.1
 Installed AbstractFFTs â”€â”€â”€â”€â”€â”€â”€â”€â”€â”€â”€ v0.4.1
 Installed BinaryProvider â”€â”€â”€â”€â”€â”€â”€â”€â”€ v0.5.6
 Installed CommonSubexpressions â”€â”€â”€ v0.2.0
 Installed LineSearches â”€â”€â”€â”€â”€â”€â”€â”€â”€â”€â”€ v7.0.1
 Installed ADCME â”€â”€â”€â”€â”€â”€â”€â”€â”€â”€â”€â”€â”€â”€â”€â”€â”€â”€ v0.2.2
 Installed HDF5 â”€â”€â”€â”€â”€â”€â”€â”€â”€â”€â”€â”€â”€â”€â”€â”€â”€â”€â”€ v0.12.3
 Installed URIParser â”€â”€â”€â”€â”€â”€â”€â”€â”€â”€â”€â”€â”€â”€ v0.4.0
 Installed Tokenize â”€â”€â”€â”€â”€â”€â”€â”€â”€â”€â”€â”€â”€â”€â”€ v0.5.6
 Installed Blosc â”€â”€â”€â”€â”€â”€â”€â”€â”€â”€â”€â”€â”€â”€â”€â”€â”€â”€ v0.5.1
 Installed Conda â”€â”€â”€â”€â”€â”€â”€â”€â”€â”€â”€â”€â”€â”€â”€â”€â”€â”€ v1.3.0
 Installed Reexport â”€â”€â”€â”€â”€â”€â”€â”€â”€â”€â”€â”€â”€â”€â”€ v0.2.0
 Installed Libz â”€â”€â”€â”€â”€â”€â”€â”€â”€â”€â”€â”€â”€â”€â”€â”€â”€â”€â”€ v1.0.0
 Installed NLSolversBase â”€â”€â”€â”€â”€â”€â”€â”€â”€â”€ v7.4.1
 Installed CSTParser â”€â”€â”€â”€â”€â”€â”€â”€â”€â”€â”€â”€â”€â”€ v0.6.2
 Installed PyCall â”€â”€â”€â”€â”€â”€â”€â”€â”€â”€â”€â”€â”€â”€â”€â”€â”€ v1.91.2
 Installed Compat â”€â”€â”€â”€â”€â”€â”€â”€â”€â”€â”€â”€â”€â”€â”€â”€â”€ v2.1.0
 Installed OrderedCollections â”€â”€â”€â”€â”€ v1.1.0
 Installed DataStructures â”€â”€â”€â”€â”€â”€â”€â”€â”€ v0.17.0
 Installed Calculus â”€â”€â”€â”€â”€â”€â”€â”€â”€â”€â”€â”€â”€â”€â”€ v0.5.0
 Installed ForwardDiff â”€â”€â”€â”€â”€â”€â”€â”€â”€â”€â”€â”€ v0.10.3
 Installed MathProgBase â”€â”€â”€â”€â”€â”€â”€â”€â”€â”€â”€ v0.7.7
 Installed Parsers â”€â”€â”€â”€â”€â”€â”€â”€â”€â”€â”€â”€â”€â”€â”€â”€ v0.3.6
 Installed JSON â”€â”€â”€â”€â”€â”€â”€â”€â”€â”€â”€â”€â”€â”€â”€â”€â”€â”€â”€ v0.21.0
 Installed DiffEqDiffTools â”€â”€â”€â”€â”€â”€â”€â”€ v0.14.0
 Installed DiffRules â”€â”€â”€â”€â”€â”€â”€â”€â”€â”€â”€â”€â”€â”€ v0.0.10
 Installed NaNMath â”€â”€â”€â”€â”€â”€â”€â”€â”€â”€â”€â”€â”€â”€â”€â”€ v0.3.2
 Installed NLopt â”€â”€â”€â”€â”€â”€â”€â”€â”€â”€â”€â”€â”€â”€â”€â”€â”€â”€ v0.5.1
 Installed DiffResults â”€â”€â”€â”€â”€â”€â”€â”€â”€â”€â”€â”€ v0.0.4
 Installed StaticArrays â”€â”€â”€â”€â”€â”€â”€â”€â”€â”€â”€ v0.11.0
 Installed MAT â”€â”€â”€â”€â”€â”€â”€â”€â”€â”€â”€â”€â”€â”€â”€â”€â”€â”€â”€â”€ v0.5.0
 Installed VersionParsing â”€â”€â”€â”€â”€â”€â”€â”€â”€ v1.1.3
 Installed CMake â”€â”€â”€â”€â”€â”€â”€â”€â”€â”€â”€â”€â”€â”€â”€â”€â”€â”€ v1.1.2
 Installed Parameters â”€â”€â”€â”€â”€â”€â”€â”€â”€â”€â”€â”€â”€ v0.11.0
 Installed BufferedStreams â”€â”€â”€â”€â”€â”€â”€â”€ v1.0.0
 Installed CMakeWrapper â”€â”€â”€â”€â”€â”€â”€â”€â”€â”€â”€ v0.2.3
 Installed MacroTools â”€â”€â”€â”€â”€â”€â”€â”€â”€â”€â”€â”€â”€ v0.5.1
 Installed SortingAlgorithms â”€â”€â”€â”€â”€â”€ v0.3.1
 Installed FFTW â”€â”€â”€â”€â”€â”€â”€â”€â”€â”€â”€â”€â”€â”€â”€â”€â”€â”€â”€ v0.3.0
 Installed PositiveFactorizations â”€ v0.2.2
 Installed BinDeps â”€â”€â”€â”€â”€â”€â”€â”€â”€â”€â”€â”€â”€â”€â”€â”€ v0.8.10
 Installed SpecialFunctions â”€â”€â”€â”€â”€â”€â”€ v0.7.2
 Installed Optim â”€â”€â”€â”€â”€â”€â”€â”€â”€â”€â”€â”€â”€â”€â”€â”€â”€â”€ v0.18.1
  Updating `~/.julia/environments/v1.2/Project.toml`
  [07b341a0] + ADCME v0.2.2
  Updating `~/.julia/environments/v1.2/Manifest.toml`
  [07b341a0] + ADCME v0.2.2
  [621f4979] + AbstractFFTs v0.4.1
  [9e28174c] + BinDeps v0.8.10
  [b99e7846] + BinaryProvider v0.5.6
  [a74b3585] + Blosc v0.5.1
  [e1450e63] + BufferedStreams v1.0.0
  [631607c0] + CMake v1.1.2
  [d5fb7624] + CMakeWrapper v0.2.3
  [00ebfdb7] + CSTParser v0.6.2
  [49dc2e85] + Calculus v0.5.0
  [bbf7d656] + CommonSubexpressions v0.2.0
  [34da2185] + Compat v2.1.0
  [8f4d0f93] + Conda v1.3.0
  [9a962f9c] + DataAPI v1.0.1
  [864edb3b] + DataStructures v0.17.0
  [01453d9d] + DiffEqDiffTools v0.14.0
  [163ba53b] + DiffResults v0.0.4
  [b552c78f] + DiffRules v0.0.10
  [7a1cc6ca] + FFTW v0.3.0
  [f6369f11] + ForwardDiff v0.10.3
  [f67ccb44] + HDF5 v0.12.3
  [682c06a0] + JSON v0.21.0
  [2ec943e9] + Libz v1.0.0
  [d3d80556] + LineSearches v7.0.1
  [23992714] + MAT v0.5.0
  [1914dd2f] + MacroTools v0.5.1
  [fdba3010] + MathProgBase v0.7.7
  [e1d29d7a] + Missings v0.4.1
  [d41bc354] + NLSolversBase v7.4.1
  [76087f3c] + NLopt v0.5.1
  [77ba4419] + NaNMath v0.3.2
  [429524aa] + Optim v0.18.1
  [bac558e1] + OrderedCollections v1.1.0
  [d96e819e] + Parameters v0.11.0
  [69de0a69] + Parsers v0.3.6
  [85a6dd25] + PositiveFactorizations v0.2.2
  [438e738f] + PyCall v1.91.2
  [189a3867] + Reexport v0.2.0
  [a2af1166] + SortingAlgorithms v0.3.1
  [276daf66] + SpecialFunctions v0.7.2
  [90137ffa] + StaticArrays v0.11.0
  [2913bbd2] + StatsBase v0.32.0
  [0796e94c] + Tokenize v0.5.6
  [30578b45] + URIParser v0.4.0
  [81def892] + VersionParsing v1.1.3
  [2a0f44e3] + Base64 
  [8bb1440f] + DelimitedFiles 
  [b77e0a4c] + InteractiveUtils 
  [76f85450] + LibGit2 
  [8f399da3] + Libdl 
  [37e2e46d] + LinearAlgebra 
  [56ddb016] + Logging 
  [d6f4376e] + Markdown 
  [a63ad114] + Mmap 
  [44cfe95a] + Pkg 
  [3fa0cd96] + REPL 
  [ea8e919c] + SHA 
  [1a1011a3] + SharedArrays 
  [2f01184e] + SparseArrays 
  [10745b16] + Statistics 
  [8dfed614] + Test 
  [cf7118a7] + UUIDs 
  Building CMake â”€â”€â”€â”€â”€â”€â”€â”€â”€â”€â”€â†’ `~/.julia/packages/CMake/nSK2r/deps/build.log`
  Building Blosc â”€â”€â”€â”€â”€â”€â”€â”€â”€â”€â”€â†’ `~/.julia/packages/Blosc/lzFr0/deps/build.log`
  Building HDF5 â”€â”€â”€â”€â”€â”€â”€â”€â”€â”€â”€â”€â†’ `~/.julia/packages/HDF5/DktP4/deps/build.log`
  Building NLopt â”€â”€â”€â”€â”€â”€â”€â”€â”€â”€â”€â†’ `~/.julia/packages/NLopt/eqN9a/deps/build.log`
  Building Conda â”€â”€â”€â”€â”€â”€â”€â”€â”€â”€â”€â†’ `~/.julia/packages/Conda/kLXeC/deps/build.log`
  Building PyCall â”€â”€â”€â”€â”€â”€â”€â”€â”€â”€â†’ `~/.julia/packages/PyCall/ttONZ/deps/build.log`
  Building SpecialFunctions â†’ `~/.julia/packages/SpecialFunctions/fvheQ/deps/build.log`
  Building FFTW â”€â”€â”€â”€â”€â”€â”€â”€â”€â”€â”€â”€â†’ `~/.julia/packages/FFTW/2okGQ/deps/build.log`
  Building ADCME â”€â”€â”€â”€â”€â”€â”€â”€â”€â”€â”€â†’ `~/.julia/packages/ADCME/wHsvc/deps/build.log`
â”Œ Error: Error building `ADCME`: 
â”‚ pip 9.0.3 from /usr/lib/python3.7/site-packages (python 3.7)
â”‚ Requirement already up-to-date: numpy in /home/ec2-user/.local/lib/python3.7/site-packages
â”‚ Collecting tensorflow==1.14
â”‚   Downloading https://files.pythonhosted.org/packages/f4/28/96efba1a516cdacc2e2d6d081f699c001d414cc8ca3250e6d59ae657eb2b/tensorflow-1.14.0-cp37-cp37m-manylinux1_x86_64.whl (109.3MB)
â”‚ Exception:
â”‚ Traceback (most recent call last):
â”‚   File "/usr/lib/python3.7/site-packages/pip/basecommand.py", line 215, in main
â”‚     status = self.run(options, args)
â”‚   File "/usr/lib/python3.7/site-packages/pip/commands/install.py", line 346, in run
â”‚     requirement_set.prepare_files(finder)
â”‚   File "/usr/lib/python3.7/site-packages/pip/req/req_set.py", line 380, in prepare_files
â”‚     ignore_dependencies=self.ignore_dependencies))
â”‚   File "/usr/lib/python3.7/site-packages/pip/req/req_set.py", line 620, in _prepare_file
â”‚     session=self.session, hashes=hashes)
â”‚   File "/usr/lib/python3.7/site-packages/pip/download.py", line 821, in unpack_url
â”‚     hashes=hashes
â”‚   File "/usr/lib/python3.7/site-packages/pip/download.py", line 659, in unpack_http_url
â”‚     hashes)
â”‚   File "/usr/lib/python3.7/site-packages/pip/download.py", line 882, in _download_http_url
â”‚     _download_url(resp, link, content_file, hashes)
â”‚   File "/usr/lib/python3.7/site-packages/pip/download.py", line 603, in _download_url
â”‚     hashes.check_against_chunks(downloaded_chunks)
â”‚   File "/usr/lib/python3.7/site-packages/pip/utils/hashes.py", line 46, in check_against_chunks
â”‚     for chunk in chunks:
â”‚   File "/usr/lib/python3.7/site-packages/pip/download.py", line 571, in written_chunks
â”‚     for chunk in chunks:
â”‚   File "/usr/lib/python3.7/site-packages/pip/utils/ui.py", line 139, in iter
â”‚     for x in it:
â”‚   File "/usr/lib/python3.7/site-packages/pip/download.py", line 560, in resp_read
â”‚     decode_content=False):
â”‚   File "/usr/lib/python3.7/site-packages/pip/_vendor/urllib3/response.py", line 436, in stream
â”‚     data = self.read(amt=amt, decode_content=decode_content)
â”‚   File "/usr/lib/python3.7/site-packages/pip/_vendor/urllib3/response.py", line 384, in read
â”‚     data = self._fp.read(amt)
â”‚   File "/usr/lib/python3.7/site-packages/pip/_vendor/cachecontrol/filewrapper.py", line 63, in read
â”‚     self._close()
â”‚   File "/usr/lib/python3.7/site-packages/pip/_vendor/cachecontrol/filewrapper.py", line 50, in _close
â”‚     self.__callback(self.__buf.getvalue())
â”‚   File "/usr/lib/python3.7/site-packages/pip/_vendor/cachecontrol/controller.py", line 275, in cache_response
â”‚     self.serializer.dumps(request, response, body=body),
â”‚   File "/usr/lib/python3.7/site-packages/pip/_vendor/cachecontrol/serialize.py", line 86, in dumps
â”‚     data, separators=(",", ":"), sort_keys=True,
â”‚   File "/usr/lib64/python3.7/json/__init__.py", line 238, in dumps
â”‚     **kw).encode(obj)
â”‚   File "/usr/lib64/python3.7/json/encoder.py", line 199, in encode
â”‚     chunks = self.iterencode(o, _one_shot=True)
â”‚   File "/usr/lib64/python3.7/json/encoder.py", line 257, in iterencode
â”‚     return _iterencode(o, 0)
â”‚ MemoryError
â”‚ ERROR: LoadError: failed process: Process(`python3 -m pip install --user tensorflow==1.14`, ProcessExited(2)) [2]
â”‚ 
â”‚ Stacktrace:
â”‚  [1] pipeline_error at ./process.jl:813 [inlined]
â”‚  [2] #run#536(::Bool, ::typeof(run), ::Cmd) at ./process.jl:728
â”‚  [3] run at ./process.jl:726 [inlined]
â”‚  [4] install_tensorflow() at /home/ec2-user/.julia/packages/ADCME/wHsvc/deps/build.jl:18
â”‚  [5] top-level scope at /home/ec2-user/.julia/packages/ADCME/wHsvc/deps/build.jl:24
â”‚  [6] include at ./boot.jl:328 [inlined]
â”‚  [7] include_relative(::Module, ::String) at ./loading.jl:1094
â”‚  [8] include(::Module, ::String) at ./Base.jl:31
â”‚  [9] include(::String) at ./client.jl:431
â”‚  [10] top-level scope at none:5
â”‚ in expression starting at /home/ec2-user/.julia/packages/ADCME/wHsvc/deps/build.jl:21
â”‚ caused by [exception 1]
â”‚ PyError (PyImport_ImportModule
â”‚ 
â”‚ The Python package tensorflow could not be found by pyimport. Usually this means
â”‚ that you did not install tensorflow in the Python version being used by PyCall.
â”‚ 
â”‚ PyCall is currently configured to use the Python version at:
â”‚ 
â”‚ /usr/bin/python3
â”‚ 
â”‚ and you should use whatever mechanism you usually use (apt-get, pip, conda,
â”‚ etcetera) to install the Python package containing the tensorflow module.
â”‚ 
â”‚ One alternative is to re-configure PyCall to use a different Python
â”‚ version on your system: set ENV["PYTHON"] to the path/name of the python
â”‚ executable you want to use, run Pkg.build("PyCall"), and re-launch Julia.
â”‚ 
â”‚ Another alternative is to configure PyCall to use a Julia-specific Python
â”‚ distribution via the Conda.jl package (which installs a private Anaconda
â”‚ Python distribution), which has the advantage that packages can be installed
â”‚ and kept up-to-date via Julia.  As explained in the PyCall documentation,
â”‚ set ENV["PYTHON"]="", run Pkg.build("PyCall"), and re-launch Julia. Then,
â”‚ To install the tensorflow module, you can use `pyimport_conda("tensorflow", PKG)`,
â”‚ where PKG is the Anaconda package the contains the module tensorflow,
â”‚ or alternatively you can use the Conda package directly (via
â”‚ `using Conda` followed by `Conda.add` etcetera).
â”‚ 
â”‚ ) <class 'ModuleNotFoundError'>
â”‚ ModuleNotFoundError("No module named 'tensorflow'")
â”‚ 
â”‚ Stacktrace:
â”‚  [1] pyimport(::String) at /home/ec2-user/.julia/packages/PyCall/ttONZ/src/PyCall.jl:544
â”‚  [2] top-level scope at /home/ec2-user/.julia/packages/ADCME/wHsvc/deps/build.jl:22
â”‚  [3] include at ./boot.jl:328 [inlined]
â”‚  [4] include_relative(::Module, ::String) at ./loading.jl:1094
â”‚  [5] include(::Module, ::String) at ./Base.jl:31
â”‚  [6] include(::String) at ./client.jl:431
â”‚  [7] top-level scope at none:5
â”” @ Pkg.Operations /buildworker/worker/package_linux64/build/usr/share/julia/stdlib/v1.2/Pkg/src/backwards_compatible_isolation.jl:647
  Building CMake â”€â”€â”€â”€â”€â”€â”€â”€â”€â”€â”€â†’ `~/.julia/packages/CMake/nSK2r/deps/build.log`
  Building Blosc â”€â”€â”€â”€â”€â”€â”€â”€â”€â”€â”€â†’ `~/.julia/packages/Blosc/lzFr0/deps/build.log`
  Building HDF5 â”€â”€â”€â”€â”€â”€â”€â”€â”€â”€â”€â”€â†’ `~/.julia/packages/HDF5/DktP4/deps/build.log`
  Building NLopt â”€â”€â”€â”€â”€â”€â”€â”€â”€â”€â”€â†’ `~/.julia/packages/NLopt/eqN9a/deps/build.log`
  Building Conda â”€â”€â”€â”€â”€â”€â”€â”€â”€â”€â”€â†’ `~/.julia/packages/Conda/kLXeC/deps/build.log`
  Building PyCall â”€â”€â”€â”€â”€â”€â”€â”€â”€â”€â†’ `~/.julia/packages/PyCall/ttONZ/deps/build.log`
  Building SpecialFunctions â†’ `~/.julia/packages/SpecialFunctions/fvheQ/deps/build.log`
  Building FFTW â”€â”€â”€â”€â”€â”€â”€â”€â”€â”€â”€â”€â†’ `~/.julia/packages/FFTW/2okGQ/deps/build.log`
  Building ADCME â”€â”€â”€â”€â”€â”€â”€â”€â”€â”€â”€â†’ `~/.julia/packages/ADCME/wHsvc/deps/build.log`
â”Œ Error: Error building `ADCME`: 
â”‚ pip 9.0.3 from /usr/lib/python3.7/site-packages (python 3.7)
â”‚ Requirement already up-to-date: numpy in /home/ec2-user/.local/lib/python3.7/site-packages
â”‚ Collecting tensorflow==1.14
â”‚   Downloading https://files.pythonhosted.org/packages/f4/28/96efba1a516cdacc2e2d6d081f699c001d414cc8ca3250e6d59ae657eb2b/tensorflow-1.14.0-cp37-cp37m-manylinux1_x86_64.whl (109.3MB)
â”‚ Exception:
â”‚ Traceback (most recent call last):
â”‚   File "/usr/lib/python3.7/site-packages/pip/basecommand.py", line 215, in main
â”‚     status = self.run(options, args)
â”‚   File "/usr/lib/python3.7/site-packages/pip/commands/install.py", line 346, in run
â”‚     requirement_set.prepare_files(finder)
â”‚   File "/usr/lib/python3.7/site-packages/pip/req/req_set.py", line 380, in prepare_files
â”‚     ignore_dependencies=self.ignore_dependencies))
â”‚   File "/usr/lib/python3.7/site-packages/pip/req/req_set.py", line 620, in _prepare_file
â”‚     session=self.session, hashes=hashes)
â”‚   File "/usr/lib/python3.7/site-packages/pip/download.py", line 821, in unpack_url
â”‚     hashes=hashes
â”‚   File "/usr/lib/python3.7/site-packages/pip/download.py", line 659, in unpack_http_url
â”‚     hashes)
â”‚   File "/usr/lib/python3.7/site-packages/pip/download.py", line 882, in _download_http_url
â”‚     _download_url(resp, link, content_file, hashes)
â”‚   File "/usr/lib/python3.7/site-packages/pip/download.py", line 603, in _download_url
â”‚     hashes.check_against_chunks(downloaded_chunks)
â”‚   File "/usr/lib/python3.7/site-packages/pip/utils/hashes.py", line 46, in check_against_chunks
â”‚     for chunk in chunks:
â”‚   File "/usr/lib/python3.7/site-packages/pip/download.py", line 571, in written_chunks
â”‚     for chunk in chunks:
â”‚   File "/usr/lib/python3.7/site-packages/pip/utils/ui.py", line 139, in iter
â”‚     for x in it:
â”‚   File "/usr/lib/python3.7/site-packages/pip/download.py", line 560, in resp_read
â”‚     decode_content=False):
â”‚   File "/usr/lib/python3.7/site-packages/pip/_vendor/urllib3/response.py", line 436, in stream
â”‚     data = self.read(amt=amt, decode_content=decode_content)
â”‚   File "/usr/lib/python3.7/site-packages/pip/_vendor/urllib3/response.py", line 384, in read
â”‚     data = self._fp.read(amt)
â”‚   File "/usr/lib/python3.7/site-packages/pip/_vendor/cachecontrol/filewrapper.py", line 63, in read
â”‚     self._close()
â”‚   File "/usr/lib/python3.7/site-packages/pip/_vendor/cachecontrol/filewrapper.py", line 50, in _close
â”‚     self.__callback(self.__buf.getvalue())
â”‚   File "/usr/lib/python3.7/site-packages/pip/_vendor/cachecontrol/controller.py", line 275, in cache_response
â”‚     self.serializer.dumps(request, response, body=body),
â”‚   File "/usr/lib/python3.7/site-packages/pip/_vendor/cachecontrol/serialize.py", line 86, in dumps
â”‚     data, separators=(",", ":"), sort_keys=True,
â”‚   File "/usr/lib64/python3.7/json/__init__.py", line 238, in dumps
â”‚     **kw).encode(obj)
â”‚   File "/usr/lib64/python3.7/json/encoder.py", line 199, in encode
â”‚     chunks = self.iterencode(o, _one_shot=True)
â”‚   File "/usr/lib64/python3.7/json/encoder.py", line 257, in iterencode
â”‚     return _iterencode(o, 0)
â”‚ MemoryError
â”‚ ERROR: LoadError: failed process: Process(`/usr/bin/python3 -m pip install --user tensorflow==1.14`, ProcessExited(2)) [2]
â”‚ 
â”‚ Stacktrace:
â”‚  [1] pipeline_error at ./process.jl:813 [inlined]
â”‚  [2] #run#536(::Bool, ::typeof(run), ::Cmd) at ./process.jl:728
â”‚  [3] run at ./process.jl:726 [inlined]
â”‚  [4] install_tensorflow() at /home/ec2-user/.julia/packages/ADCME/wHsvc/deps/build.jl:18
â”‚  [5] top-level scope at /home/ec2-user/.julia/packages/ADCME/wHsvc/deps/build.jl:24
â”‚  [6] include at ./boot.jl:328 [inlined]
â”‚  [7] include_relative(::Module, ::String) at ./loading.jl:1094
â”‚  [8] include(::Module, ::String) at ./Base.jl:31
â”‚  [9] include(::String) at ./client.jl:431
â”‚  [10] top-level scope at none:5
â”‚ in expression starting at /home/ec2-user/.julia/packages/ADCME/wHsvc/deps/build.jl:21
â”‚ caused by [exception 1]
â”‚ PyError (PyImport_ImportModule
â”‚ 
â”‚ The Python package tensorflow could not be found by pyimport. Usually this means
â”‚ that you did not install tensorflow in the Python version being used by PyCall.
â”‚ 
â”‚ PyCall is currently configured to use the Python version at:
â”‚ 
â”‚ /usr/bin/python3
â”‚ 
â”‚ and you should use whatever mechanism you usually use (apt-get, pip, conda,
â”‚ etcetera) to install the Python package containing the tensorflow module.
â”‚ 
â”‚ One alternative is to re-configure PyCall to use a different Python
â”‚ version on your system: set ENV["PYTHON"] to the path/name of the python
â”‚ executable you want to use, run Pkg.build("PyCall"), and re-launch Julia.
â”‚ 
â”‚ Another alternative is to configure PyCall to use a Julia-specific Python
â”‚ distribution via the Conda.jl package (which installs a private Anaconda
â”‚ Python distribution), which has the advantage that packages can be installed
â”‚ and kept up-to-date via Julia.  As explained in the PyCall documentation,
â”‚ set ENV["PYTHON"]="", run Pkg.build("PyCall"), and re-launch Julia. Then,
â”‚ To install the tensorflow module, you can use `pyimport_conda("tensorflow", PKG)`,
â”‚ where PKG is the Anaconda package the contains the module tensorflow,
â”‚ or alternatively you can use the Conda package directly (via
â”‚ `using Conda` followed by `Conda.add` etcetera).
â”‚ 
â”‚ ) <class 'ModuleNotFoundError'>
â”‚ ModuleNotFoundError("No module named 'tensorflow'")
â”‚ 
â”‚ Stacktrace:
â”‚  [1] pyimport(::String) at /home/ec2-user/.julia/packages/PyCall/ttONZ/src/PyCall.jl:544
â”‚  [2] top-level scope at /home/ec2-user/.julia/packages/ADCME/wHsvc/deps/build.jl:22
â”‚  [3] include at ./boot.jl:328 [inlined]
â”‚  [4] include_relative(::Module, ::String) at ./loading.jl:1094
â”‚  [5] include(::Module, ::String) at ./Base.jl:31
â”‚  [6] include(::String) at ./client.jl:431
â”‚  [7] top-level scope at none:5
â”” @ Pkg.Operations /buildworker/worker/package_linux64/build/usr/share/julia/stdlib/v1.2/Pkg/src/backwards_compatible_isolation.jl:647
